<?xml version="1.0" encoding="UTF-8"?>
<testsuite xmlns:xsi="http://www.w3.org/2001/XMLSchema-instance" xsi:noNamespaceSchemaLocation="https://maven.apache.org/surefire/maven-surefire-plugin/xsd/surefire-test-report-3.0.xsd" version="3.0" name="TestSuite" time="17.723" tests="8" errors="0" skipped="0" failures="0">
  <properties>
[...]
</properties>
  <testcase name="testHealthCheckPing" classname="com.api.tests.BookingTest" time="4.325">
    <system-out><![CDATA[Request method:	GET
Request URI:	https://restful-booker.herokuapp.com/ping/
Proxy:			<none>
Request params:	<none>
Query params:	<none>
Form params:	<none>
Path params:	<none>
Headers:		Accept=*/*
				Content-Type=application/json
Cookies:		<none>
Multiparts:		<none>
Body:			<none>

===== RESPONSE RECEIVED =====
Created
]]></system-out>
    <system-err><![CDATA[SLF4J: Failed to load class "org.slf4j.impl.StaticLoggerBinder".
SLF4J: Defaulting to no-operation (NOP) logger implementation
SLF4J: See http://www.slf4j.org/codes.html#StaticLoggerBinder for further details.
]]></system-err>
  </testcase>
  <testcase name="testGenerateAuthToken" classname="com.api.tests.BookingTest" time="2.928">
    <system-out><![CDATA[Request method:	POST
Request URI:	https://restful-booker.herokuapp.com/auth
Proxy:			<none>
Request params:	<none>
Query params:	<none>
Form params:	<none>
Path params:	<none>
Headers:		Accept=*/*
				Content-Type=application/json
Cookies:		<none>
Multiparts:		<none>
Body:
{
    "password": "password123",
    "username": "admin"
}

===== RESPONSE RECEIVED =====
{"token":"9c010fb77a520da"}
]]></system-out>
  </testcase>
  <testcase name="testCreateBooking" classname="com.api.tests.BookingTest" time="1.579">
    <system-out><![CDATA[Request method:	POST
Request URI:	https://restful-booker.herokuapp.com/booking
Proxy:			<none>
Request params:	<none>
Query params:	<none>
Form params:	<none>
Path params:	<none>
Headers:		Accept=*/*
				Content-Type=application/json
Cookies:		<none>
Multiparts:		<none>
Body:
{
    "firstname": "create",
    "lastname": "Doe",
    "totalprice": 150,
    "depositpaid": true,
    "additionalneeds": "Breakfast",
    "bookingdates": {
        "checkin": "2024-06-01",
        "checkout": "2024-06-10"
    }
}

===== RESPONSE RECEIVED =====
{"bookingid":976,"booking":{"firstname":"create","lastname":"Doe","totalprice":150,"depositpaid":true,"bookingdates":{"checkin":"2024-06-01","checkout":"2024-06-10"},"additionalneeds":"Breakfast"}}
]]></system-out>
  </testcase>
  <testcase name="testGetBookingById" classname="com.api.tests.BookingTest" time="1.31">
    <system-out><![CDATA[Request method:	GET
Request URI:	https://restful-booker.herokuapp.com/booking/976
Proxy:			<none>
Request params:	<none>
Query params:	<none>
Form params:	<none>
Path params:	<none>
Headers:		Accept=*/*
				Content-Type=application/json
Cookies:		<none>
Multiparts:		<none>
Body:			<none>

===== RESPONSE RECEIVED =====
{"firstname":"create","lastname":"Doe","totalprice":150,"depositpaid":true,"bookingdates":{"checkin":"2024-06-01","checkout":"2024-06-10"},"additionalneeds":"Breakfast"}
]]></system-out>
  </testcase>
  <testcase name="testUpdateBooking" classname="com.api.tests.BookingTest" time="1.353">
    <system-out><![CDATA[Request method:	PUT
Request URI:	https://restful-booker.herokuapp.com/booking/976
Proxy:			<none>
Request params:	<none>
Query params:	<none>
Form params:	<none>
Path params:	<none>
Headers:		Cookie=token=9c010fb77a520da
				Accept=*/*
				Content-Type=application/json
Cookies:		<none>
Multiparts:		<none>
Body:
{
    "firstname": "updateed",
    "lastname": "UpdatedDoe",
    "totalprice": 200,
    "depositpaid": false,
    "additionalneeds": "Lunch",
    "bookingdates": {
        "checkin": "2024-06-05",
        "checkout": "2024-06-15"
    }
}

===== RESPONSE RECEIVED =====
{"firstname":"updateed","lastname":"UpdatedDoe","totalprice":200,"depositpaid":false,"bookingdates":{"checkin":"2024-06-05","checkout":"2024-06-15"},"additionalneeds":"Lunch"}
]]></system-out>
  </testcase>
  <testcase name="testPartialUpdateBooking" classname="com.api.tests.BookingTest" time="1.242">
    <system-out><![CDATA[Request method:	PATCH
Request URI:	https://restful-booker.herokuapp.com/booking/976
Proxy:			<none>
Request params:	<none>
Query params:	<none>
Form params:	<none>
Path params:	<none>
Headers:		Cookie=token=9c010fb77a520da
				Accept=*/*
				Content-Type=application/json
Cookies:		<none>
Multiparts:		<none>
Body:
{
    "firstname": "PartialJohn"
}

===== RESPONSE RECEIVED =====
{"firstname":"PartialJohn","lastname":"UpdatedDoe","totalprice":200,"depositpaid":false,"bookingdates":{"checkin":"2024-06-05","checkout":"2024-06-15"},"additionalneeds":"Lunch"}
]]></system-out>
  </testcase>
  <testcase name="testDeleteBooking" classname="com.api.tests.BookingTest" time="1.195">
    <system-out><![CDATA[Request method:	DELETE
Request URI:	https://restful-booker.herokuapp.com/booking/976
Proxy:			<none>
Request params:	<none>
Query params:	<none>
Form params:	<none>
Path params:	<none>
Headers:		Cookie=token=9c010fb77a520da
				Accept=*/*
				Content-Type=application/json
Cookies:		<none>
Multiparts:		<none>
Body:			<none>

===== RESPONSE RECEIVED =====
Created
]]></system-out>
  </testcase>
  <testcase name="testGetBookingByIdMock" classname="com.api.tests.RestfulBookerAPITest" time="2.145">
    <system-out><![CDATA[MOCK: Sending GET request to URL -> https://restful-booker.herokuapp.com/booking/544
MOCK: Received response -> {"firstname":"create","lastname":"Doe","totalprice":150,"depositpaid":true,"additionalneeds":"Breakfast","bookingdates":{"checkin":"2024-06-01","checkout":"2024-06-10"}}
]]></system-out>
  </testcase>
</testsuite>