<?xml version="1.0" encoding="UTF-8"?>
<testng-results ignored="0" total="8" passed="8" failed="0" skipped="0">
  <reporter-output>
  </reporter-output>
  <suite started-at="2025-02-18T11:52:33 PKT" name="API Test Suite" finished-at="2025-02-18T11:52:49 PKT" duration-ms="16441">
    <groups>
    </groups>
    <test started-at="2025-02-18T11:52:33 PKT" name="API Tests" finished-at="2025-02-18T11:52:49 PKT" duration-ms="16441">
      <class name="com.api.tests.BookingTest">
        <test-method is-config="true" signature="setUp()[pri:0, instance:com.api.tests.BookingTest@121314f7]" started-at="2025-02-18T11:52:33 PKT" name="setUp" finished-at="2025-02-18T11:52:33 PKT" duration-ms="302" status="PASS">
          <reporter-output>
          </reporter-output>
        </test-method> <!-- setUp -->
        <test-method signature="testHealthCheckPing()[pri:1, instance:com.api.tests.BookingTest@121314f7]" started-at="2025-02-18T11:52:33 PKT" name="testHealthCheckPing" finished-at="2025-02-18T11:52:37 PKT" duration-ms="4209" status="PASS">
          <reporter-output>
          </reporter-output>
        </test-method> <!-- testHealthCheckPing -->
        <test-method signature="testGenerateAuthToken()[pri:2, instance:com.api.tests.BookingTest@121314f7]" started-at="2025-02-18T11:52:37 PKT" name="testGenerateAuthToken" finished-at="2025-02-18T11:52:40 PKT" duration-ms="2917" status="PASS">
          <reporter-output>
          </reporter-output>
        </test-method> <!-- testGenerateAuthToken -->
        <test-method signature="testCreateBooking()[pri:3, instance:com.api.tests.BookingTest@121314f7]" started-at="2025-02-18T11:52:40 PKT" name="testCreateBooking" finished-at="2025-02-18T11:52:42 PKT" duration-ms="1576" status="PASS">
          <reporter-output>
          </reporter-output>
        </test-method> <!-- testCreateBooking -->
        <test-method signature="testGetBookingById()[pri:4, instance:com.api.tests.BookingTest@121314f7]" started-at="2025-02-18T11:52:42 PKT" name="testGetBookingById" finished-at="2025-02-18T11:52:43 PKT" duration-ms="1305" status="PASS">
          <reporter-output>
          </reporter-output>
        </test-method> <!-- testGetBookingById -->
        <test-method signature="testUpdateBooking()[pri:5, instance:com.api.tests.BookingTest@121314f7]" started-at="2025-02-18T11:52:43 PKT" name="testUpdateBooking" finished-at="2025-02-18T11:52:44 PKT" duration-ms="1346" status="PASS">
          <reporter-output>
          </reporter-output>
        </test-method> <!-- testUpdateBooking -->
        <test-method signature="testPartialUpdateBooking()[pri:6, instance:com.api.tests.BookingTest@121314f7]" started-at="2025-02-18T11:52:44 PKT" name="testPartialUpdateBooking" finished-at="2025-02-18T11:52:46 PKT" duration-ms="1238" status="PASS">
          <reporter-output>
          </reporter-output>
        </test-method> <!-- testPartialUpdateBooking -->
        <test-method signature="testDeleteBooking()[pri:7, instance:com.api.tests.BookingTest@121314f7]" started-at="2025-02-18T11:52:46 PKT" name="testDeleteBooking" finished-at="2025-02-18T11:52:47 PKT" duration-ms="1188" status="PASS">
          <reporter-output>
          </reporter-output>
        </test-method> <!-- testDeleteBooking -->
      </class> <!-- com.api.tests.BookingTest -->
      <class name="com.api.tests.RestfulBookerAPITest">
        <test-method signature="testGetBookingByIdMock()[pri:0, instance:com.api.tests.RestfulBookerAPITest@6fdbe764]" started-at="2025-02-18T11:52:47 PKT" name="testGetBookingByIdMock" finished-at="2025-02-18T11:52:49 PKT" duration-ms="2133" status="PASS">
          <reporter-output>
          </reporter-output>
        </test-method> <!-- testGetBookingByIdMock -->
      </class> <!-- com.api.tests.RestfulBookerAPITest -->
    </test> <!-- API Tests -->
  </suite> <!-- API Test Suite -->
</testng-results>
