<?xml version="1.0" encoding="UTF-8"?>
<!-- Generated by org.testng.reporters.JUnitXMLReporter -->
<testsuite ignored="0" hostname="SPKHILAP-1106" failures="0" tests="8" name="API Tests" time="16.441" errors="0" timestamp="2025-02-18T11:52:49 PKT">
  <testcase classname="com.api.tests.BookingTest" name="testHealthCheckPing" time="4.209"/>
  <testcase classname="com.api.tests.BookingTest" name="testGenerateAuthToken" time="2.917"/>
  <testcase classname="com.api.tests.BookingTest" name="testCreateBooking" time="1.576"/>
  <testcase classname="com.api.tests.BookingTest" name="testGetBookingById" time="1.305"/>
  <testcase classname="com.api.tests.BookingTest" name="testUpdateBooking" time="1.346"/>
  <testcase classname="com.api.tests.BookingTest" name="testPartialUpdateBooking" time="1.238"/>
  <testcase classname="com.api.tests.BookingTest" name="testDeleteBooking" time="1.188"/>
  <testcase classname="com.api.tests.RestfulBookerAPITest" name="testGetBookingByIdMock" time="2.133"/>
</testsuite> <!-- API Tests -->
